[10jan2025 20:27:31.281] [main/INFO] [cpw.mods.modlauncher.Launcher/MODLAUNCHER]: ModLauncher running: args [--launchTarget, forgeclientuserdev, --version, 21.1.93, --assetIndex, 17, --assetsDir, C:\\Users\\erwin\\.gradle\\caches\\neoformruntime\\assets, --gameDir, ., --fml.neoForgeVersion, 21.1.93, --fml.fmlVersion, 4.0.34, --fml.mcVersion, 1.21.1, --fml.neoFormVersion, 20240808.144430]
[10jan2025 20:27:31.285] [main/INFO] [cpw.mods.modlauncher.Launcher/MODLAUNCHER]: JVM identified as Eclipse Adoptium OpenJDK 64-Bit Server VM 21.0.3+9-LTS
[10jan2025 20:27:31.286] [main/INFO] [cpw.mods.modlauncher.Launcher/MODLAUNCHER]: ModLauncher 11.0.4+main.d2e20e43 starting: java version 21.0.3 by Eclipse Adoptium; OS Windows 11 arch amd64 version 10.0
[10jan2025 20:27:31.472] [main/INFO] [net.neoforged.fml.loading.ImmediateWindowHandler/]: Loading ImmediateWindowProvider fmlearlywindow
[10jan2025 20:27:31.641] [main/INFO] [EARLYDISPLAY/]: Trying GL version 4.6
[10jan2025 20:27:32.061] [main/INFO] [EARLYDISPLAY/]: Requested GL version 4.6 got version 4.6
[10jan2025 20:27:32.199] [main/INFO] [mixin/]: SpongePowered MIXIN Subsystem Version=0.8.7 Source=union:/C:/Users/erwin/.gradle/caches/modules-2/files-2.1/net.fabricmc/sponge-mixin/0.15.2+mixin.0.8.7/2af2f021d8e02a0220dc27a7a72b4666d66d44ca/sponge-mixin-0.15.2+mixin.0.8.7.jar%23131!/ Service=ModLauncher Env=CLIENT
[10jan2025 20:27:32.488] [pool-2-thread-1/INFO] [EARLYDISPLAY/]: GL info: NVIDIA GeForce RTX 3060 Laptop GPU/PCIe/SSE2 GL version 4.6.0 NVIDIA 566.36, NVIDIA Corporation
[10jan2025 20:27:32.761] [main/INFO] [net.neoforged.fml.loading.moddiscovery.locators.JarInJarDependencyLocator/]: Found 2 dependencies adding them to mods collection
[10jan2025 20:27:32.763] [main/INFO] [net.neoforged.fml.loading.moddiscovery.ModDiscoverer/]: 
     Mod List:
		Name Version (Mod Id)

		Minecraft 1.21.1 (minecraft)
		NeoForge 21.1.93 (neoforge)
		QOL Items 1.0 (qolitems)
[10jan2025 20:27:34.637] [main/INFO] [cpw.mods.modlauncher.LaunchServiceHandler/MODLAUNCHER]: Launching target 'forgeclientuserdev' with arguments [--version, 21.1.93, --gameDir, ., --assetsDir, C:\Users\erwin\.gradle\caches\neoformruntime\assets, --assetIndex, 17]
[10jan2025 20:27:36.850] [Datafixer Bootstrap/INFO] [com.mojang.datafixers.DataFixerBuilder/]: 229 Datafixer optimizations took 433 milliseconds
[10jan2025 20:27:37.080] [pool-7-thread-1/INFO] [MixinExtras|Service/]: Initializing MixinExtras via com.llamalad7.mixinextras.service.MixinExtrasServiceImpl(version=0.4.1).
[10jan2025 20:27:42.614] [main/WARN] [net.minecraft.commands.Commands/]: Ambiguity between arguments [teleport, location] and [teleport, destination] with inputs: [0.1 -0.5 .9, 0 0 0]
[10jan2025 20:27:42.616] [main/WARN] [net.minecraft.commands.Commands/]: Ambiguity between arguments [teleport, location] and [teleport, targets] with inputs: [0.1 -0.5 .9, 0 0 0]
[10jan2025 20:27:42.620] [main/WARN] [net.minecraft.commands.Commands/]: Ambiguity between arguments [teleport, destination] and [teleport, targets] with inputs: [Player, 0123, @e, dd12be42-52a9-4a91-a8a1-11c01849e498]
[10jan2025 20:27:42.622] [main/WARN] [net.minecraft.commands.Commands/]: Ambiguity between arguments [teleport, targets] and [teleport, destination] with inputs: [Player, 0123, dd12be42-52a9-4a91-a8a1-11c01849e498]
[10jan2025 20:27:42.624] [main/WARN] [net.minecraft.commands.Commands/]: Ambiguity between arguments [teleport, targets, location] and [teleport, targets, destination] with inputs: [0.1 -0.5 .9, 0 0 0]
[10jan2025 20:27:42.789] [Render thread/WARN] [net.minecraft.server.packs.VanillaPackResourcesBuilder/]: Assets URL 'union:/C:/Users/erwin/Desktop/Mods/QolItems/build/moddev/artifacts/neoforge-21.1.93-merged.jar%23183!/assets/.mcassetsroot' uses unexpected schema
[10jan2025 20:27:42.791] [Render thread/WARN] [net.minecraft.server.packs.VanillaPackResourcesBuilder/]: Assets URL 'union:/C:/Users/erwin/Desktop/Mods/QolItems/build/moddev/artifacts/neoforge-21.1.93-merged.jar%23183!/data/.mcassetsroot' uses unexpected schema
[10jan2025 20:27:42.824] [Render thread/INFO] [com.mojang.authlib.yggdrasil.YggdrasilAuthenticationService/]: Environment: Environment[sessionHost=https://sessionserver.mojang.com, servicesHost=https://api.minecraftservices.com, name=PROD]
[10jan2025 20:27:42.838] [Render thread/INFO] [net.minecraft.client.Minecraft/]: Setting user: Dev
[10jan2025 20:27:42.978] [Render thread/INFO] [net.minecraft.client.Minecraft/]: Backend library: LWJGL version 3.3.3+5
[10jan2025 20:27:43.310] [modloading-worker-0/INFO] [net.neoforged.neoforge.common.NeoForgeMod/NEOFORGE-MOD]: NeoForge mod loading, version 21.1.93, for MC 1.21.1
[10jan2025 20:27:44.309] [Render thread/INFO] [net.neoforged.neoforge.gametest.GameTestHooks/]: Enabled Gametest Namespaces: [qolitems]
[10jan2025 20:27:44.469] [Render thread/INFO] [net.minecraft.server.packs.resources.ReloadableResourceManager/]: Reloading ResourceManager: vanilla, mod_resources, mod/qolitems, mod/neoforge
[10jan2025 20:27:44.632] [Worker-Main-13/INFO] [net.minecraft.client.gui.font.providers.UnihexProvider/]: Found unifont_all_no_pua-15.1.05.hex, loading
[10jan2025 20:27:44.722] [Worker-Main-15/INFO] [net.minecraft.client.gui.font.providers.UnihexProvider/]: Found unifont_jp_patch-15.1.05.hex, loading
[10jan2025 20:27:45.675] [Worker-Main-11/WARN] [net.minecraft.client.resources.model.BlockStateModelLoader/]: Exception loading blockstate definition: 'qolitems:blockstates/blokje.json' missing model for variant: 'qolitems:blokje#'
[10jan2025 20:27:45.677] [Worker-Main-11/WARN] [net.minecraft.client.resources.model.ModelBakery/]: Unable to load model: 'qolitems:item/wooden_water_bucket' referenced from: qolitems:item/wooden_water_bucket: java.io.FileNotFoundException: qolitems:models/item/wooden_water_bucket.json
[10jan2025 20:27:45.679] [Worker-Main-11/WARN] [net.minecraft.client.resources.model.ModelBakery/]: Unable to load model: 'qolitems:item/diamond_shear' referenced from: qolitems:item/diamond_shear: java.io.FileNotFoundException: qolitems:models/item/diamond_shear.json
[10jan2025 20:27:45.681] [Worker-Main-11/WARN] [net.minecraft.client.resources.model.ModelBakery/]: Unable to load model: 'qolitems:item/wooden_bucket' referenced from: qolitems:item/wooden_bucket: java.io.FileNotFoundException: qolitems:models/item/wooden_bucket.json
[10jan2025 20:27:45.681] [Worker-Main-11/WARN] [net.minecraft.client.resources.model.ModelBakery/]: Unable to load model: 'qolitems:item/stone_shear' referenced from: qolitems:item/stone_shear: java.io.FileNotFoundException: qolitems:models/item/stone_shear.json
[10jan2025 20:27:45.684] [Worker-Main-11/WARN] [net.minecraft.client.resources.model.ModelBakery/]: Unable to load model: 'qolitems:item/emerald_shear' referenced from: qolitems:item/emerald_shear: java.io.FileNotFoundException: qolitems:models/item/emerald_shear.json
[10jan2025 20:27:45.684] [Worker-Main-11/WARN] [net.minecraft.client.resources.model.ModelBakery/]: Unable to load model: 'qolitems:item/iron_shear' referenced from: qolitems:item/iron_shear: java.io.FileNotFoundException: qolitems:models/item/iron_shear.json
[10jan2025 20:27:45.684] [Worker-Main-11/WARN] [net.minecraft.client.resources.model.ModelBakery/]: Unable to load model: 'qolitems:item/wooden_lava_bucket' referenced from: qolitems:item/wooden_lava_bucket: java.io.FileNotFoundException: qolitems:models/item/wooden_lava_bucket.json
[10jan2025 20:27:45.685] [Worker-Main-11/WARN] [net.minecraft.client.resources.model.ModelBakery/]: Unable to load model: 'qolitems:item/golden_shear' referenced from: qolitems:item/golden_shear: java.io.FileNotFoundException: qolitems:models/item/golden_shear.json
[10jan2025 20:27:45.686] [Worker-Main-11/WARN] [net.minecraft.client.resources.model.ModelBakery/]: Unable to load model: 'qolitems:item/copper_shear' referenced from: qolitems:item/copper_shear: java.io.FileNotFoundException: qolitems:models/item/copper_shear.json
[10jan2025 20:27:46.717] [Render thread/WARN] [net.minecraft.client.sounds.SoundEngine/]: Missing sound for event: minecraft:item.goat_horn.play
[10jan2025 20:27:46.718] [Render thread/WARN] [net.minecraft.client.sounds.SoundEngine/]: Missing sound for event: minecraft:entity.goat.screaming.horn_break
[10jan2025 20:27:46.784] [Render thread/INFO] [com.mojang.blaze3d.audio.Library/]: OpenAL initialized on device OpenAL Soft on Headset Earphone (HyperX Virtual Surround Sound)
[10jan2025 20:27:46.785] [Render thread/INFO] [net.minecraft.client.sounds.SoundEngine/SOUNDS]: Sound engine started
[10jan2025 20:27:47.043] [Render thread/INFO] [net.minecraft.client.renderer.texture.TextureAtlas/]: Created: 1024x512x4 minecraft:textures/atlas/blocks.png-atlas
[10jan2025 20:27:47.055] [Render thread/INFO] [net.minecraft.client.renderer.texture.TextureAtlas/]: Created: 256x256x4 minecraft:textures/atlas/signs.png-atlas
[10jan2025 20:27:47.056] [Render thread/INFO] [net.minecraft.client.renderer.texture.TextureAtlas/]: Created: 512x512x4 minecraft:textures/atlas/shield_patterns.png-atlas
[10jan2025 20:27:47.057] [Render thread/INFO] [net.minecraft.client.renderer.texture.TextureAtlas/]: Created: 512x512x4 minecraft:textures/atlas/banner_patterns.png-atlas
[10jan2025 20:27:47.057] [Render thread/INFO] [net.minecraft.client.renderer.texture.TextureAtlas/]: Created: 1024x1024x4 minecraft:textures/atlas/armor_trims.png-atlas
[10jan2025 20:27:47.065] [Render thread/INFO] [net.minecraft.client.renderer.texture.TextureAtlas/]: Created: 128x64x4 minecraft:textures/atlas/decorated_pot.png-atlas
[10jan2025 20:27:47.066] [Render thread/INFO] [net.minecraft.client.renderer.texture.TextureAtlas/]: Created: 256x256x4 minecraft:textures/atlas/chest.png-atlas
[10jan2025 20:27:47.066] [Render thread/INFO] [net.minecraft.client.renderer.texture.TextureAtlas/]: Created: 512x256x4 minecraft:textures/atlas/shulker_boxes.png-atlas
[10jan2025 20:27:47.067] [Render thread/INFO] [net.minecraft.client.renderer.texture.TextureAtlas/]: Created: 512x256x4 minecraft:textures/atlas/beds.png-atlas
[10jan2025 20:27:47.403] [Render thread/INFO] [net.minecraft.client.renderer.texture.TextureAtlas/]: Created: 512x256x0 minecraft:textures/atlas/particles.png-atlas
[10jan2025 20:27:47.406] [Render thread/INFO] [net.minecraft.client.renderer.texture.TextureAtlas/]: Created: 512x256x0 minecraft:textures/atlas/paintings.png-atlas
[10jan2025 20:27:47.407] [Render thread/INFO] [net.minecraft.client.renderer.texture.TextureAtlas/]: Created: 256x128x0 minecraft:textures/atlas/mob_effects.png-atlas
[10jan2025 20:27:47.407] [Render thread/INFO] [net.minecraft.client.renderer.texture.TextureAtlas/]: Created: 64x64x0 minecraft:textures/atlas/map_decorations.png-atlas
[10jan2025 20:27:47.407] [Render thread/INFO] [net.minecraft.client.renderer.texture.TextureAtlas/]: Created: 1024x512x0 minecraft:textures/atlas/gui.png-atlas
[10jan2025 20:27:47.438] [Render thread/WARN] [net.minecraft.client.renderer.ShaderInstance/]: Shader rendertype_entity_translucent_emissive could not find sampler named Sampler2 in the specified shader program.
[10jan2025 20:27:47.515] [Render thread/INFO] [net.neoforged.neoforge.client.entity.animation.json.AnimationLoader/]: Loaded 0 entity animations
[10jan2025 20:28:01.450] [Render thread/INFO] [net.minecraft.world.item.crafting.RecipeManager/]: Loaded 1290 recipes
[10jan2025 20:28:01.652] [Render thread/INFO] [net.minecraft.advancements.AdvancementTree/]: Loaded 1399 advancements
[10jan2025 20:28:02.211] [Server thread/INFO] [net.minecraft.client.server.IntegratedServer/]: Starting integrated minecraft server version 1.21.1
[10jan2025 20:28:02.211] [Server thread/INFO] [net.minecraft.server.MinecraftServer/]: Generating keypair
[10jan2025 20:28:02.554] [Server thread/INFO] [net.minecraft.server.MinecraftServer/]: Preparing start region for dimension minecraft:overworld
[10jan2025 20:28:02.809] [progressListener/INFO] [net.minecraft.server.level.progress.LoggerChunkProgressListener/]: Preparing spawn area: 0%
[10jan2025 20:28:02.881] [Server thread/INFO] [net.neoforged.neoforge.server.permission.PermissionAPI/]: Successfully initialized permission handler neoforge:default_handler
[10jan2025 20:28:02.896] [progressListener/INFO] [net.minecraft.server.level.progress.LoggerChunkProgressListener/]: Time elapsed: 322 ms
[10jan2025 20:28:02.975] [Server thread/INFO] [net.minecraft.client.server.IntegratedServer/]: Changing view distance to 12, from 10
[10jan2025 20:28:02.975] [Server thread/INFO] [net.minecraft.client.server.IntegratedServer/]: Changing simulation distance to 12, from 0
[10jan2025 20:28:03.781] [Server thread/INFO] [net.minecraft.server.players.PlayerList/]: Dev[local:E:2f8d7392] logged in with entity id 5 at (19.297636374058754, -60.0, 0.8768275672668372)
[10jan2025 20:28:03.854] [Server thread/INFO] [net.minecraft.server.MinecraftServer/]: Dev joined the game
[10jan2025 20:28:04.462] [Render thread/INFO] [net.minecraft.advancements.AdvancementTree/]: Loaded 39 advancements
[10jan2025 20:28:05.099] [Server thread/INFO] [net.minecraft.client.server.IntegratedServer/]: Saving and pausing game...
[10jan2025 20:28:05.150] [Server thread/INFO] [net.minecraft.server.MinecraftServer/]: Saving chunks for level 'ServerLevel[New World]'/minecraft:overworld
[10jan2025 20:28:05.199] [Server thread/INFO] [net.minecraft.server.MinecraftServer/]: Saving chunks for level 'ServerLevel[New World]'/minecraft:the_end
[10jan2025 20:28:05.212] [Server thread/INFO] [net.minecraft.server.MinecraftServer/]: Saving chunks for level 'ServerLevel[New World]'/minecraft:the_nether
[10jan2025 20:28:46.184] [Render thread/INFO] [net.minecraft.client.Minecraft/]: Stopping!
[10jan2025 20:28:46.191] [Server thread/INFO] [net.minecraft.server.network.ServerGamePacketListenerImpl/]: Dev lost connection: Disconnected
[10jan2025 20:28:46.192] [Server thread/INFO] [net.minecraft.server.MinecraftServer/]: Dev left the game
[10jan2025 20:28:46.203] [Server thread/INFO] [net.minecraft.server.network.ServerCommonPacketListenerImpl/]: Stopping singleplayer server as player logged out
[10jan2025 20:28:46.236] [Server thread/INFO] [net.minecraft.server.MinecraftServer/]: Stopping server
[10jan2025 20:28:46.237] [Server thread/INFO] [net.minecraft.server.MinecraftServer/]: Saving players
[10jan2025 20:28:46.237] [Server thread/INFO] [net.minecraft.server.MinecraftServer/]: Saving worlds
[10jan2025 20:28:46.406] [Server thread/INFO] [net.minecraft.server.MinecraftServer/]: Saving chunks for level 'ServerLevel[New World]'/minecraft:overworld
[10jan2025 20:28:46.444] [Server thread/INFO] [net.minecraft.server.MinecraftServer/]: Saving chunks for level 'ServerLevel[New World]'/minecraft:the_end
[10jan2025 20:28:46.453] [Server thread/INFO] [net.minecraft.server.MinecraftServer/]: Saving chunks for level 'ServerLevel[New World]'/minecraft:the_nether
[10jan2025 20:28:46.468] [Server thread/INFO] [net.minecraft.server.MinecraftServer/]: ThreadedAnvilChunkStorage (New World): All chunks are saved
[10jan2025 20:28:46.468] [Server thread/INFO] [net.minecraft.server.MinecraftServer/]: ThreadedAnvilChunkStorage (DIM1): All chunks are saved
[10jan2025 20:28:46.468] [Server thread/INFO] [net.minecraft.server.MinecraftServer/]: ThreadedAnvilChunkStorage (DIM-1): All chunks are saved
[10jan2025 20:28:46.469] [Server thread/INFO] [net.minecraft.server.MinecraftServer/]: ThreadedAnvilChunkStorage: All dimensions are saved
